Arguments: 
  /home/stephen/.nvm/versions/node/v20.8.0/bin/node /home/stephen/.nvm/versions/node/v20.8.0/bin/yarn init

PATH: 
  /home/stephen/.rvm/gems/ruby-3.2.2/bin:/home/stephen/.rvm/gems/ruby-3.2.2@global/bin:/home/stephen/.rvm/rubies/ruby-3.2.2/bin:/home/stephen/.nvm/versions/node/v20.8.0/bin:/usr/local/bin:/usr/bin:/bin:/usr/local/games:/usr/games:/home/stephen/.rvm/bin

Yarn version: 
  1.22.19

Node version: 
  20.8.0

Platform: 
  linux x64

Trace: 
  Error: canceled
      at Interface.<anonymous> (/home/stephen/.nvm/versions/node/v20.8.0/lib/node_modules/yarn/lib/cli.js:137150:13)
      at Interface.emit (node:events:514:28)
      at [_ttyWrite] [as _ttyWrite] (node:internal/readline/interface:1125:18)
      at ReadStream.onkeypress (node:internal/readline/interface:264:20)
      at ReadStream.emit (node:events:514:28)
      at emitKeys (node:internal/readline/utils:371:14)
      at emitKeys.next (<anonymous>)
      at ReadStream.onData (node:internal/readline/emitKeypressEvents:64:36)
      at ReadStream.emit (node:events:514:28)
      at addChunk (node:internal/streams/readable:376:12)

npm manifest: 
  {
    "name": "@kwchang0831/svelte-qwer",
    "version": "0.11.0",
    "type": "module",
    "license": "MIT",
    "homepage": "https://github.com/kwchang0831/svelte-qwer",
    "repository": {
      "type": "git",
      "url": "git+https://github.com/kwchang0831/svelte-qwer.git"
    },
    "bugs": {
      "url": "https://github.com/kwchang0831/svelte-qwer/issues"
    },
    "author": "kwchang0831",
    "workspaces": [
      "./",
      "./QWER"
    ],
    "scripts": {
      "dev:i18n": "npx typesafe-i18n",
      "dev:sveltekit": "cross-env MODE=development vite dev --host",
      "dev:QWER": "node --no-warnings QWER watch",
      "dev:watch": "npm-run-all -p -r dev:QWER dev:i18n dev:sveltekit ",
      "dev": "npm-run-all -s build:QWER dev:watch",
      "build:partytown": "partytown copylib static/~partytown",
      "build:i18n": "npx typesafe-i18n --no-watch",
      "build:sveltekit": "vite build",
      "build:QWER_Without_Meta": "node --no-warnings QWER buildWithoutMeta",
      "build:QWER": "node --no-warnings QWER build",
      "build": "npm-run-all -s build:QWER build:i18n build:partytown build:sveltekit",
      "preview": "vite preview",
      "clean:husky": "rimraf .husky",
      "clean:sveltekit": "rimraf .svelte-kit",
      "clean:node_modules": "rimraf -- node_modules QWER/node_modules",
      "clean:routeFolder": "node --no-warnings QWER cleanEmptyFolders",
      "clean:QWER": "node --no-warnings QWER clean",
      "clean": "npm-run-all -s clean:QWER clean:routeFolder",
      "cleandeep": "npm-run-all -s clean clean:sveltekit clean:husky clean:node_modules",
      "check": "svelte-check --tsconfig ./tsconfig.json",
      "check:watch": "svelte-check --tsconfig ./tsconfig.json --watch",
      "lint": "prettier --check . && eslint .",
      "format": "prettier --write .",
      "up:deps": "pnpm up -L -i",
      "up:QWER-deps": "cd QWER && pnpm up -L -i",
      "up": "npm-run-all -s up:deps up:QWER-deps",
      "husky": "husky install && npx husky set .husky/pre-commit \"npx lint-staged\" && gitmoji -i",
      "typesafe-i18n": "typesafe-i18n",
      "changeset:add": "pnpm changeset add",
      "deploy:vercel-local-build": "vercel build --prod && vercel deploy --prebuilt --prod"
    },
    "lint-staged": {
      "*.{html,scss,css,svelte,ts,js}": "prettier --write ."
    },
    "devDependencies": {
      "@builder.io/partytown": "^0.8.0",
      "@changesets/cli": "^2.26.2",
      "@iconify-json/akar-icons": "^1.1.19",
      "@iconify-json/bxs": "^1.1.7",
      "@iconify-json/carbon": "^1.1.21",
      "@iconify-json/fluent-emoji-flat": "^1.1.12",
      "@iconify-json/ic": "^1.1.14",
      "@iconify-json/line-md": "^1.1.29",
      "@iconify-json/mdi": "^1.1.54",
      "@iconify-json/tabler": "^1.1.89",
      "@iconify-json/vscode-icons": "^1.1.28",
      "@kwchang0831/qwer": "link:QWER",
      "@kwchang0831/svelte-qwer": "link:",
      "@sveltejs/adapter-cloudflare": "^2.3.3",
      "@sveltejs/adapter-netlify": "2.0.8",
      "@sveltejs/adapter-node": "1.3.1",
      "@sveltejs/adapter-static": "2.0.3",
      "@sveltejs/adapter-vercel": "3.0.3",
      "@sveltejs/kit": "1.24.0",
      "@types/flexsearch": "^0.7.3",
      "@types/nprogress": "^0.2.0",
      "@typescript-eslint/eslint-plugin": "^6.5.0",
      "@typescript-eslint/parser": "^6.5.0",
      "@unocss/core": "^0.55.6",
      "@unocss/extractor-svelte": "^0.55.6",
      "@unocss/preset-icons": "^0.55.6",
      "@unocss/preset-uno": "^0.55.6",
      "@unocss/reset": "^0.55.6",
      "@unocss/transformer-compile-class": "^0.55.6",
      "@unocss/transformer-directives": "^0.55.6",
      "@unocss/transformer-variant-group": "^0.55.6",
      "cross-env": "^7.0.3",
      "eslint": "^8.48.0",
      "eslint-config-prettier": "^9.0.0",
      "eslint-plugin-prettier": "^5.0.0",
      "eslint-plugin-svelte": "^2.33.0",
      "flexsearch": "^0.7.31",
      "gitmoji-cli": "^8.4.0",
      "husky": "^8.0.3",
      "imagetools-core": "^4.0.5",
      "katex": "^0.16.8",
      "lint-staged": "^14.0.1",
      "lz-string": "^1.5.0",
      "medium-zoom": "^1.0.8",
      "npm-run-all": "^4.1.5",
      "nprogress": "^0.2.0",
      "prettier": "^3.0.3",
      "prettier-plugin-svelte": "^3.0.3",
      "rimraf": "^5.0.1",
      "sass": "^1.66.1",
      "sharp": "^0.32.5",
      "svelte": "^4.2.0",
      "svelte-check": "^3.5.1",
      "svelte-preprocess": "^5.0.4",
      "tippy.js": "^6.3.7",
      "tslib": "^2.6.2",
      "typesafe-i18n": "^5.26.2",
      "typescript": "^5.2.2",
      "unocss": "^0.55.6",
      "unocss-preset-scrollbar": "^0.2.1",
      "vite": "^4.4.9",
      "vite-imagetools": "^5.0.8"
    }
  }

yarn manifest: 
  No manifest

Lockfile: 
  No lockfile
